[    0.000000] Initializing cgroup subsys cpuset
[    0.000000] Initializing cgroup subsys cpu
[    0.000000] Initializing cgroup subsys cpuacct
[    0.000000] Linux version 4.4.0-165-generic (buildd@lgw01-amd64-027) (gcc version 5.4.0 20160609 (Ubuntu 5.4.0-6ubuntu1~16.04.10) ) #193-Ubuntu SMP Tue Sep 17 17:42:52 UTC 2019 (Ubuntu 4.4.0-165.193-generic 4.4.189)
[    0.000000] Command line: BOOT_IMAGE=/boot/vmlinuz-4.4.0-165-generic root=LABEL=cloudimg-rootfs ro console=tty1 console=ttyS0
[    0.000000] KERNEL supported cpus:
[    0.000000]   Intel GenuineIntel
[    0.000000]   AMD AuthenticAMD
[    0.000000]   Centaur CentaurHauls
[    0.000000] x86/fpu: xstate_offset[2]:  576, xstate_sizes[2]:  256
[    0.000000] x86/fpu: Supporting XSAVE feature 0x01: 'x87 floating point registers'
[    0.000000] x86/fpu: Supporting XSAVE feature 0x02: 'SSE registers'
[    0.000000] x86/fpu: Supporting XSAVE feature 0x04: 'AVX registers'
[    0.000000] x86/fpu: Enabled xstate features 0x7, context size is 832 bytes, using 'standard' format.
[    0.000000] e820: BIOS-provided physical RAM map:
[    0.000000] BIOS-e820: [mem 0x0000000000000000-0x000000000009fbff] usable
[    0.000000] BIOS-e820: [mem 0x000000000009fc00-0x000000000009ffff] reserved
[    0.000000] BIOS-e820: [mem 0x00000000000f0000-0x00000000000fffff] reserved
[    0.000000] BIOS-e820: [mem 0x0000000000100000-0x000000003ffeffff] usable
[    0.000000] BIOS-e820: [mem 0x000000003fff0000-0x000000003fffffff] ACPI data
[    0.000000] BIOS-e820: [mem 0x00000000fec00000-0x00000000fec00fff] reserved
[    0.000000] BIOS-e820: [mem 0x00000000fee00000-0x00000000fee00fff] reserved
[    0.000000] BIOS-e820: [mem 0x00000000fffc0000-0x00000000ffffffff] reserved
[    0.000000] NX (Execute Disable) protection: active
[    0.000000] SMBIOS 2.5 present.
[    0.000000] Hypervisor detected: KVM
[    0.000000] e820: last_pfn = 0x3fff0 max_arch_pfn = 0x400000000
[    0.000000] MTRR: Disabled
[    0.000000] x86/PAT: MTRRs disabled, skipping PAT initialization too.
[    0.000000] CPU MTRRs all blank - virtualized system.
[    0.000000] x86/PAT: Configuration [0-7]: WB  WT  UC- UC  WB  WT  UC- UC  
[    0.000000] found SMP MP-table at [mem 0x0009fff0-0x0009ffff] mapped at [ffff88000009fff0]
[    0.000000] Scanning 1 areas for low memory corruption
[    0.000000] RAMDISK: [mem 0x362fa000-0x37174fff]
[    0.000000] ACPI: Early table checksum verification disabled
[    0.000000] ACPI: RSDP 0x00000000000E0000 000024 (v02 VBOX  )
[    0.000000] ACPI: XSDT 0x000000003FFF0030 00003C (v01 VBOX   VBOXXSDT 00000001 ASL  00000061)
[    0.000000] ACPI: FACP 0x000000003FFF00F0 0000F4 (v04 VBOX   VBOXFACP 00000001 ASL  00000061)
[    0.000000] ACPI: DSDT 0x000000003FFF0470 0022EA (v02 VBOX   VBOXBIOS 00000002 INTL 20100528)
[    0.000000] ACPI: FACS 0x000000003FFF0200 000040
[    0.000000] ACPI: FACS 0x000000003FFF0200 000040
[    0.000000] ACPI: APIC 0x000000003FFF0240 00005C (v02 VBOX   VBOXAPIC 00000001 ASL  00000061)
[    0.000000] ACPI: SSDT 0x000000003FFF02A0 0001CC (v01 VBOX   VBOXCPUT 00000002 INTL 20100528)
[    0.000000] No NUMA configuration found
[    0.000000] Faking a node at [mem 0x0000000000000000-0x000000003ffeffff]
[    0.000000] NODE_DATA(0) allocated [mem 0x3ffeb000-0x3ffeffff]
[    0.000000] kvm-clock: Using msrs 4b564d01 and 4b564d00
[    0.000000] kvm-clock: cpu 0, msr 0:3ffe3001, primary cpu clock
[    0.000000] kvm-clock: using sched offset of 3713652503 cycles
[    0.000000] clocksource: kvm-clock: mask: 0xffffffffffffffff max_cycles: 0x1cd42e4dffb, max_idle_ns: 881590591483 ns
[    0.000000] Zone ranges:
[    0.000000]   DMA      [mem 0x0000000000001000-0x0000000000ffffff]
[    0.000000]   DMA32    [mem 0x0000000001000000-0x000000003ffeffff]
[    0.000000]   Normal   empty
[    0.000000]   Device   empty
[    0.000000] Movable zone start for each node
[    0.000000] Early memory node ranges
[    0.000000]   node   0: [mem 0x0000000000001000-0x000000000009efff]
[    0.000000]   node   0: [mem 0x0000000000100000-0x000000003ffeffff]
[    0.000000] Initmem setup node 0 [mem 0x0000000000001000-0x000000003ffeffff]
[    0.000000] ACPI: PM-Timer IO Port: 0x4008
[    0.000000] IOAPIC[0]: apic_id 2, version 32, address 0xfec00000, GSI 0-23
[    0.000000] ACPI: INT_SRC_OVR (bus 0 bus_irq 0 global_irq 2 dfl dfl)
[    0.000000] ACPI: INT_SRC_OVR (bus 0 bus_irq 9 global_irq 9 low level)
[    0.000000] Using ACPI (MADT) for SMP configuration information
[    0.000000] smpboot: Allowing 2 CPUs, 0 hotplug CPUs
[    0.000000] PM: Registered nosave memory: [mem 0x00000000-0x00000fff]
[    0.000000] PM: Registered nosave memory: [mem 0x0009f000-0x0009ffff]
[    0.000000] PM: Registered nosave memory: [mem 0x000a0000-0x000effff]
[    0.000000] PM: Registered nosave memory: [mem 0x000f0000-0x000fffff]
[    0.000000] e820: [mem 0x40000000-0xfebfffff] available for PCI devices
[    0.000000] Booting paravirtualized kernel on KVM
[    0.000000] clocksource: refined-jiffies: mask: 0xffffffff max_cycles: 0xffffffff, max_idle_ns: 7645519600211568 ns
[    0.000000] setup_percpu: NR_CPUS:512 nr_cpumask_bits:512 nr_cpu_ids:2 nr_node_ids:1
[    0.000000] PERCPU: Embedded 34 pages/cpu @ffff88003fc00000 s99544 r8192 d31528 u1048576
[    0.000000] Built 1 zonelists in Node order, mobility grouping on.  Total pages: 257912
[    0.000000] Policy zone: DMA32
[    0.000000] Kernel command line: BOOT_IMAGE=/boot/vmlinuz-4.4.0-165-generic root=LABEL=cloudimg-rootfs ro console=tty1 console=ttyS0
[    0.000000] PID hash table entries: 4096 (order: 3, 32768 bytes)
[    0.000000] Memory: 997732K/1048120K available (8621K kernel code, 1335K rwdata, 4032K rodata, 1484K init, 1284K bss, 50388K reserved, 0K cma-reserved)
[    0.000000] SLUB: HWalign=64, Order=0-3, MinObjects=0, CPUs=2, Nodes=1
[    0.000000] Kernel/User page tables isolation: enabled
[    0.000000] Hierarchical RCU implementation.
[    0.000000] 	Build-time adjustment of leaf fanout to 64.
[    0.000000] 	RCU restricting CPUs from NR_CPUS=512 to nr_cpu_ids=2.
[    0.000000] RCU: Adjusting geometry for rcu_fanout_leaf=64, nr_cpu_ids=2
[    0.000000] NR_IRQS:33024 nr_irqs:440 16
[    0.000000] Console: colour VGA+ 80x25
[    0.000000] console [tty1] enabled
[    0.000000] console [ttyS0] enabled
[    0.000000] tsc: Detected 2712.000 MHz processor
[    0.223777] Calibrating delay loop (skipped) preset value.. 5424.00 BogoMIPS (lpj=10848000)
[    0.227317] pid_max: default: 32768 minimum: 301
[    0.229104] ACPI: Core revision 20150930
[    0.232238] ACPI: 2 ACPI AML tables successfully acquired and loaded
[    0.234091] Security Framework initialized
[    0.235355] Yama: becoming mindful.
[    0.237170] AppArmor: AppArmor initialized
[    0.238690] Dentry cache hash table entries: 131072 (order: 8, 1048576 bytes)
[    0.243894] Inode-cache hash table entries: 65536 (order: 7, 524288 bytes)
[    0.245900] Mount-cache hash table entries: 2048 (order: 2, 16384 bytes)
[    0.247545] Mountpoint-cache hash table entries: 2048 (order: 2, 16384 bytes)
[    0.249443] Initializing cgroup subsys io
[    0.250767] Initializing cgroup subsys memory
[    0.251955] Initializing cgroup subsys devices
[    0.253643] Initializing cgroup subsys freezer
[    0.254939] Initializing cgroup subsys net_cls
[    0.256072] Initializing cgroup subsys perf_event
[    0.257370] Initializing cgroup subsys net_prio
[    0.258830] Initializing cgroup subsys hugetlb
[    0.259992] Initializing cgroup subsys pids
[    0.262330] mce: CPU supports 0 MCE banks
[    0.263495] Last level iTLB entries: 4KB 64, 2MB 8, 4MB 8
[    0.265053] Last level dTLB entries: 4KB 64, 2MB 0, 4MB 0, 1GB 4
[    0.266746] Spectre V1 : Mitigation: usercopy/swapgs barriers and __user pointer sanitization
[    0.269139] Spectre V2 : Mitigation: Full generic retpoline
[    0.271307] Spectre V2 : Spectre v2 / SpectreRSB mitigation: Filling RSB on context switch
[    0.273922] Speculative Store Bypass: Vulnerable
[    0.275234] MDS: Vulnerable: Clear CPU buffers attempted, no microcode
[    0.280338] Freeing SMP alternatives memory: 36K
[    0.292636] ftrace: allocating 32318 entries in 127 pages
[    0.489953] smpboot: APIC(0) Converting physical 0 to logical package 0
[    0.492846] smpboot: Max logical packages: 1
[    0.495100] x2apic enabled
[    0.537994] Switched APIC routing to physical x2apic.
[    0.551208] ..TIMER: vector=0x30 apic1=0 pin1=2 apic2=-1 pin2=-1
[    0.664201] smpboot: CPU0: Intel(R) Core(TM) i5-7200U CPU @ 2.50GHz (family: 0x6, model: 0x8e, stepping: 0x9)
[    0.672288] Performance Events: unsupported p6 CPU model 142 no PMU driver, software events only.
[    0.697460] KVM setup paravirtual spinlock
[    0.700580] x86: Booting SMP configuration:
[    0.703120] .... node  #0, CPUs:      #1
[    0.704948] kvm-clock: cpu 1, msr 0:3ffe3041, secondary cpu clock
[    0.711976] mce: CPU supports 0 MCE banks
[    0.716989] x86: Booted up 1 node, 2 CPUs
[    0.719275] smpboot: Total of 2 processors activated (10848.00 BogoMIPS)
[    0.723018] devtmpfs: initialized
[    0.727108] evm: security.selinux
[    0.728463] evm: security.SMACK64
[    0.729781] evm: security.SMACK64EXEC
[    0.731842] evm: security.SMACK64TRANSMUTE
[    0.733832] evm: security.SMACK64MMAP
[    0.735618] evm: security.ima
[    0.737101] evm: security.capability
[    0.738947] clocksource: jiffies: mask: 0xffffffff max_cycles: 0xffffffff, max_idle_ns: 7645041785100000 ns
[    0.744808] futex hash table entries: 512 (order: 3, 32768 bytes)
[    0.749014] pinctrl core: initialized pinctrl subsystem
[    0.751112] RTC time: 11:26:09, date: 10/15/19
[    0.752765] NET: Registered protocol family 16
[    0.764641] cpuidle: using governor ladder
[    0.777340] cpuidle: using governor menu
[    0.778863] PCCT header not found.
[    0.780463] ACPI: bus type PCI registered
[    0.781959] acpiphp: ACPI Hot Plug PCI Controller Driver version: 0.5
[    0.784297] PCI: Using configuration type 1 for base access
[    0.797699] ACPI: Added _OSI(Module Device)
[    0.799218] ACPI: Added _OSI(Processor Device)
[    0.800859] ACPI: Added _OSI(3.0 _SCP Extensions)
[    0.803025] ACPI: Added _OSI(Processor Aggregator Device)
[    0.806435] ACPI: Executed 1 blocks of module-level executable AML code
[    0.813285] ACPI: Interpreter enabled
[    0.814788] ACPI: (supports S0 S5)
[    0.816454] ACPI: Using IOAPIC for interrupt routing
[    0.818821] PCI: Using host bridge windows from ACPI; if necessary, use "pci=nocrs" and report a bug
[    0.851182] ACPI: PCI Root Bridge [PCI0] (domain 0000 [bus 00-ff])
[    0.857875] acpi PNP0A03:00: _OSC: OS supports [ASPM ClockPM Segments MSI]
[    0.862229] acpi PNP0A03:00: _OSC: not requesting OS control; OS requires [ExtendedConfig ASPM ClockPM MSI]
[    0.866175] acpi PNP0A03:00: fail to add MMCONFIG information, can't access extended PCI configuration space under this bridge.
[    0.876709] PCI host bridge to bus 0000:00
[    0.878297] pci_bus 0000:00: root bus resource [io  0x0000-0x0cf7 window]
[    0.880326] pci_bus 0000:00: root bus resource [io  0x0d00-0xffff window]
[    0.882501] pci_bus 0000:00: root bus resource [mem 0x000a0000-0x000bffff window]
[    0.885154] pci_bus 0000:00: root bus resource [mem 0x40000000-0xfdffffff window]
[    0.890015] pci_bus 0000:00: root bus resource [bus 00-ff]
[    0.895766] pci 0000:00:01.1: legacy IDE quirk: reg 0x10: [io  0x01f0-0x01f7]
[    0.898870] pci 0000:00:01.1: legacy IDE quirk: reg 0x14: [io  0x03f6]
[    0.901160] pci 0000:00:01.1: legacy IDE quirk: reg 0x18: [io  0x0170-0x0177]
[    0.904886] pci 0000:00:01.1: legacy IDE quirk: reg 0x1c: [io  0x0376]
[    0.958089] pci 0000:00:07.0: quirk: [io  0x4000-0x403f] claimed by PIIX4 ACPI
[    0.960036] pci 0000:00:07.0: quirk: [io  0x4100-0x410f] claimed by PIIX4 SMB
[    0.977982] ACPI: PCI Interrupt Link [LNKA] (IRQs 5 9 10 *11)
[    0.981047] ACPI: PCI Interrupt Link [LNKB] (IRQs 5 9 *10 11)
[    0.983007] ACPI: PCI Interrupt Link [LNKC] (IRQs 5 *9 10 11)
[    0.985523] ACPI: PCI Interrupt Link [LNKD] (IRQs 5 9 10 *11)
[    0.987940] ACPI: Enabled 2 GPEs in block 00 to 07
[    0.989692] vgaarb: setting as boot device: PCI:0000:00:02.0
[    0.991034] vgaarb: device added: PCI:0000:00:02.0,decodes=io+mem,owns=io+mem,locks=none
[    0.993364] vgaarb: loaded
[    0.994216] vgaarb: bridge control possible 0000:00:02.0
[    0.995768] SCSI subsystem initialized
[    0.997036] ACPI: bus type USB registered
[    0.998137] usbcore: registered new interface driver usbfs
[    0.999619] usbcore: registered new interface driver hub
[    1.001124] usbcore: registered new device driver usb
[    1.002825] PCI: Using ACPI for IRQ routing
[    1.005150] NetLabel: Initializing
[    1.006210] NetLabel:  domain hash size = 128
[    1.007936] NetLabel:  protocols = UNLABELED CIPSOv4
[    1.012980] NetLabel:  unlabeled traffic allowed by default
[    1.014813] amd_nb: Cannot enumerate AMD northbridges
[    1.016535] clocksource: Switched to clocksource kvm-clock
[    1.032866] AppArmor: AppArmor Filesystem Enabled
[    1.034195] pnp: PnP ACPI init
[    1.036461] pnp: PnP ACPI: found 3 devices
[    1.048626] clocksource: acpi_pm: mask: 0xffffff max_cycles: 0xffffff, max_idle_ns: 2085701024 ns
[    1.051596] NET: Registered protocol family 2
[    1.054178] TCP established hash table entries: 8192 (order: 4, 65536 bytes)
[    1.056403] TCP bind hash table entries: 8192 (order: 5, 131072 bytes)
[    1.059007] TCP: Hash tables configured (established 8192 bind 8192)
[    1.060920] UDP hash table entries: 512 (order: 2, 16384 bytes)
[    1.062843] UDP-Lite hash table entries: 512 (order: 2, 16384 bytes)
[    1.064727] NET: Registered protocol family 1
[    1.066013] pci 0000:00:00.0: Limiting direct PCI/PCI transfers
[    1.067445] pci 0000:00:01.0: Activating ISA DMA hang workarounds
[    1.069713] Unpacking initramfs...
[    1.422214] Freeing initrd memory: 14828K
[    1.423581] clocksource: tsc: mask: 0xffffffffffffffff max_cycles: 0x2717868ea45, max_idle_ns: 440795316085 ns
[    1.426159] platform rtc_cmos: registered platform RTC device (no PNP device found)
[    1.428203] Scanning for low memory corruption every 60 seconds
[    1.430282] audit: initializing netlink subsys (disabled)
[    1.431624] audit: type=2000 audit(1571138774.919:1): initialized
[    1.433548] Initialise system trusted keyring
[    1.434924] HugeTLB registered 2 MB page size, pre-allocated 0 pages
[    1.438058] zbud: loaded
[    1.439248] VFS: Disk quotas dquot_6.6.0
[    1.440393] VFS: Dquot-cache hash table entries: 512 (order 0, 4096 bytes)
[    1.442385] squashfs: version 4.0 (2009/01/31) Phillip Lougher
[    1.444152] fuse init (API version 7.23)
[    1.445444] Key type big_key registered
[    1.446491] Allocating IMA MOK and blacklist keyrings.
[    1.450070] Key type asymmetric registered
[    1.451218] Asymmetric key parser 'x509' registered
[    1.452749] Block layer SCSI generic (bsg) driver version 0.4 loaded (major 249)
[    1.455248] io scheduler noop registered
[    1.456810] io scheduler deadline registered (default)
[    1.458755] io scheduler cfq registered
[    1.460179] pci_hotplug: PCI Hot Plug PCI Core version: 0.5
[    1.461992] pciehp: PCI Express Hot Plug Controller Driver version: 0.4
[    1.463722] ACPI: AC Adapter [AC] (on-line)
[    1.464884] input: Power Button as /devices/LNXSYSTM:00/LNXPWRBN:00/input/input0
[    1.466999] ACPI: Power Button [PWRF]
[    1.468102] input: Sleep Button as /devices/LNXSYSTM:00/LNXSLPBN:00/input/input1
[    1.470860] ACPI: Sleep Button [SLPF]
[    1.473061] ACPI: Battery Slot [BAT0] (battery present)
[    1.474619] GHES: HEST is not enabled!
[    1.475738] Serial: 8250/16550 driver, 32 ports, IRQ sharing enabled
[    1.498460] 00:02: ttyS0 at I/O 0x3f8 (irq = 4, base_baud = 115200) is a 16550A
[    1.502407] Linux agpgart interface v0.103
[    1.505646] loop: module loaded
[    1.507480] scsi host0: ata_piix
[    1.508585] scsi host1: ata_piix
[    1.509580] ata1: PATA max UDMA/33 cmd 0x1f0 ctl 0x3f6 bmdma 0xd000 irq 14
[    1.511158] ata2: PATA max UDMA/33 cmd 0x170 ctl 0x376 bmdma 0xd008 irq 15
[    1.513198] libphy: Fixed MDIO Bus: probed
[    1.514651] tun: Universal TUN/TAP device driver, 1.6
[    1.516294] tun: (C) 1999-2004 Max Krasnyansky <maxk@qualcomm.com>
[    1.518157] PPP generic driver version 2.4.2
[    1.519929] ehci_hcd: USB 2.0 'Enhanced' Host Controller (EHCI) Driver
[    1.521903] ehci-pci: EHCI PCI platform driver
[    1.523510] ehci-platform: EHCI generic platform driver
[    1.524973] ohci_hcd: USB 1.1 'Open' Host Controller (OHCI) Driver
[    1.526713] ohci-pci: OHCI PCI platform driver
[    1.528061] ohci-platform: OHCI generic platform driver
[    1.529591] uhci_hcd: USB Universal Host Controller Interface driver
[    1.531454] i8042: PNP: PS/2 Controller [PNP0303:PS2K,PNP0f03:PS2M] at 0x60,0x64 irq 1,12
[    1.534243] serio: i8042 KBD port at 0x60,0x64 irq 1
[    1.535617] serio: i8042 AUX port at 0x60,0x64 irq 12
[    1.537325] mousedev: PS/2 mouse device common for all mice
[    1.540190] rtc_cmos rtc_cmos: rtc core: registered rtc_cmos as rtc0
[    1.544954] rtc_cmos rtc_cmos: alarms up to one day, 114 bytes nvram
[    1.547381] i2c /dev entries driver
[    1.549222] input: AT Translated Set 2 keyboard as /devices/platform/i8042/serio0/input/input2
[    1.552486] device-mapper: uevent: version 1.0.3
[    1.557485] device-mapper: ioctl: 4.34.0-ioctl (2015-10-28) initialised: dm-devel@redhat.com
[    1.563157] ledtrig-cpu: registered to indicate activity on CPUs
[    1.566125] NET: Registered protocol family 10
[    1.570369] NET: Registered protocol family 17
[    1.572477] Key type dns_resolver registered
[    1.574476] registered taskstats version 1
[    1.576091] Loading compiled-in X.509 certificates
[    1.579099] Loaded X.509 cert 'Build time autogenerated kernel key: 0ed82eac04367aa6426493b1389455ebf6830eaa'
[    1.582327] zswap: loaded using pool lzo/zbud
[    1.587719] Key type trusted registered
[    1.601184] Key type encrypted registered
[    1.603951] AppArmor: AppArmor sha1 policy hashing enabled
[    1.607309] ima: No TPM chip found, activating TPM-bypass!
[    1.609584] ima: Allocated hash algorithm: sha1
[    1.611290] evm: HMAC attrs: 0x1
[    1.613316]   Magic number: 7:691:428
[    1.614831] rtc_cmos rtc_cmos: setting system clock to 2019-10-15 11:26:10 UTC (1571138770)
[    1.618301] BIOS EDD facility v0.16 2004-Jun-25, 0 devices found
[    1.621105] EDD information not available.
[    1.678468] Freeing unused kernel memory: 1484K
[    1.679746] Write protecting the kernel read-only data: 14336k
[    1.682905] Freeing unused kernel memory: 1608K
[    1.685025] Freeing unused kernel memory: 64K
Loading, please wait...
starting version 229
[    1.708595] random: systemd-udevd: uninitialized urandom read (16 bytes read, 3 bits of entropy available)
[    1.709480] random: udevadm: uninitialized urandom read (16 bytes read, 3 bits of entropy available)
[    1.709517] random: udevadm: uninitialized urandom read (16 bytes read, 3 bits of entropy available)
[    1.717218] random: systemd-udevd: uninitialized urandom read (16 bytes read, 3 bits of entropy available)
[    1.720822] random: systemd-udevd: uninitialized urandom read (16 bytes read, 3 bits of entropy available)
[    1.724680] random: systemd-udevd: uninitialized urandom read (16 bytes read, 3 bits of entropy available)
[    1.725189] random: udevadm: uninitialized urandom read (16 bytes read, 3 bits of entropy available)
[    1.725246] random: udevadm: uninitialized urandom read (16 bytes read, 3 bits of entropy available)
[    1.725397] random: udevadm: uninitialized urandom read (16 bytes read, 3 bits of entropy available)
[    1.725447] random: udevadm: uninitialized urandom read (16 bytes read, 3 bits of entropy available)
[    1.781518] e1000: Intel(R) PRO/1000 Network Driver - version 7.3.21-k8-NAPI
[    1.786968] e1000: Copyright (c) 1999-2006 Intel Corporation.
[    1.796220] Fusion MPT base driver 3.04.20
[    1.797931] Copyright (c) 1999-2008 LSI Corporation
[    1.829762] AVX2 version of gcm_enc/dec engaged.
[    1.830983] AES CTR mode by8 optimization enabled
[    1.839860] Fusion MPT SPI Host driver 3.04.20
[    2.049461] input: ImExPS/2 Generic Explorer Mouse as /devices/platform/i8042/serio1/input/input4
[    2.292285] e1000 0000:00:03.0 eth0: (PCI:33MHz:32-bit) 02:0e:9b:2d:5b:92
[    2.294778] e1000 0000:00:03.0 eth0: Intel(R) PRO/1000 Network Connection
[    2.698674] e1000 0000:00:08.0 eth1: (PCI:33MHz:32-bit) 08:00:27:b6:0c:89
[    2.701511] e1000 0000:00:08.0 eth1: Intel(R) PRO/1000 Network Connection
[    2.706781] e1000 0000:00:03.0 enp0s3: renamed from eth0
[    2.708675] mptbase: ioc0: Initiating bringup
[    2.721192] e1000 0000:00:08.0 enp0s8: renamed from eth1
[    2.773009] ioc0: LSI53C1030 A0: Capabilities={Initiator}
[    2.935465] scsi host2: ioc0: LSI53C1030 A0, FwRev=00000000h, Ports=1, MaxQ=256, IRQ=20
[    3.049887] scsi 2:0:0:0: Direct-Access     VBOX     HARDDISK         1.0  PQ: 0 ANSI: 5
[    3.053343] scsi target2:0:0: Beginning Domain Validation
[    3.058991] scsi target2:0:0: Domain Validation skipping write tests
[    3.062016] scsi target2:0:0: Ending Domain Validation
[    3.064507] scsi target2:0:0: asynchronous
[    3.067645] scsi 2:0:1:0: Direct-Access     VBOX     HARDDISK         1.0  PQ: 0 ANSI: 5
[    3.071354] scsi target2:0:1: Beginning Domain Validation
[    3.098510] scsi target2:0:1: Domain Validation skipping write tests
[    3.100198] scsi target2:0:1: Ending Domain Validation
[    3.103409] scsi target2:0:1: asynchronous
[    3.112792] sd 2:0:0:0: [sda] 20971520 512-byte logical blocks: (10.7 GB/10.0 GiB)
[    3.112949] sd 2:0:0:0: Attached scsi generic sg0 type 0
[    3.113469] sd 2:0:1:0: Attached scsi generic sg1 type 0
[    3.116696] sd 2:0:1:0: [sdb] 20480 512-byte logical blocks: (10.5 MB/10.0 MiB)
[    3.121402] sd 2:0:0:0: [sda] Write Protect is off
[    3.121415] sd 2:0:1:0: [sdb] Write Protect is off
[    3.124534] sd 2:0:1:0: [sdb] Incomplete mode parameter data
[    3.124776] sd 2:0:0:0: [sda] Incomplete mode parameter data
[    3.124778] sd 2:0:0:0: [sda] Assuming drive cache: write through
[    3.129079] sd 2:0:1:0: [sdb] Assuming drive cache: write through
[    3.131728]  sda: sda1
[    3.133907] sd 2:0:0:0: [sda] Attached SCSI disk
[    3.137947] sd 2:0:1:0: [sdb] Attached SCSI disk
Begin: Loading essential drivers ... [    4.781529] md: linear personality registered for level -1
[    4.786470] md: multipath personality registered for level -4
[    4.791116] md: raid0 personality registered for level 0
[    4.797731] md: raid1 personality registered for level 1
[    4.872725] raid6: sse2x1   gen()  8958 MB/s
[    4.945087] raid6: sse2x1   xor()  5659 MB/s
[    5.013260] raid6: sse2x2   gen() 10466 MB/s
[    5.080696] raid6: sse2x2   xor()  5827 MB/s
[    5.149835] raid6: sse2x4   gen() 10818 MB/s
[    5.217255] raid6: sse2x4   xor()  9215 MB/s
[    5.284631] raid6: avx2x1   gen() 18724 MB/s
[    5.352895] raid6: avx2x2   gen() 18708 MB/s
[    5.421215] raid6: avx2x4   gen() 18417 MB/s
[    5.422677] raid6: using algorithm avx2x1 gen() 18724 MB/s
[    5.424161] raid6: using avx2x2 recovery algorithm
[    5.427030] xor: automatically using best checksumming function:
[    5.468629]    avx       : 21178.000 MB/sec
[    5.480495] async_tx: api initialized (async)
[    5.492036] md: raid6 personality registered for level 6
[    5.494589] md: raid5 personality registered for level 5
[    5.496009] md: raid4 personality registered for level 4
[    5.505596] md: raid10 personality registered for level 10
done.
Begin: Running /scripts/init-premount ... done.
Begin: Mounting root file system ... Begin: Running /scripts/local-top ... done.
Begin: Running /scripts/local-premount ... [    5.543558] Btrfs loaded
Scanning for Btrfs filesystems
done.
Warning: fsck not present, so skipping root file system
[    5.586004] EXT4-fs (sda1): mounted filesystem with ordered data mode. Opts: (null)
done.
Begin: Running /scripts/local-bottom ... done.
Begin: Running /scripts/init-bottom ... done.
[    5.704201] systemd[1]: systemd 229 running in system mode. (+PAM +AUDIT +SELINUX +IMA +APPARMOR +SMACK +SYSVINIT +UTMP +LIBCRYPTSETUP +GCRYPT +GNUTLS +ACL +XZ -LZ4 +SECCOMP +BLKID +ELFUTILS +KMOD -IDN)
[    5.709366] systemd[1]: Detected virtualization oracle.
[    5.710756] systemd[1]: Detected architecture x86-64.

Welcome to [1mUbuntu 16.04.6 LTS[0m!

[    5.715668] systemd[1]: Set hostname to <ubuntu>.
[    5.719532] systemd[1]: Initializing machine ID from random generator.
[    5.721506] systemd[1]: Installed transient /etc/machine-id file.
[    5.884677] systemd[1]: Listening on udev Control Socket.
[[0;32m  OK  [0m] Listening on udev Control Socket.
[    5.888008] systemd[1]: Created slice User and Session Slice.
[[0;32m  OK  [0m] Created slice User and Session Slice.
[    5.891384] systemd[1]: Created slice System Slice.
[[0;32m  OK  [0m] Created slice System Slice.
[    5.901060] systemd[1]: Listening on Journal Socket (/dev/log).
[[0;32m  OK  [0m] Listening on Journal Socket (/dev/log).
[    5.915503] systemd[1]: Listening on /dev/initctl Compatibility Named Pipe.
[[0;32m  OK  [0m] Listening on /dev/initctl Compatibility Named Pipe.
[    5.919208] systemd[1]: Listening on Journal Audit Socket.
[[0;32m  OK  [0m] Listening on Journal Audit Socket.
[    5.924108] systemd[1]: Created slice system-serial\x2dgetty.slice.
[[0;32m  OK  [0m] Created slice system-serial\x2dgetty.slice.
[    5.928147] systemd[1]: Listening on LVM2 poll daemon socket.
[[0;32m  OK  [0m] Listening on LVM2 poll daemon socket.
[    5.931633] systemd[1]: Reached target User and Group Name Lookups.
[[0;32m  OK  [0m] Reached target User and Group Name Lookups.
[    5.936624] systemd[1]: Reached target Slices.
[[0;32m  OK  [0m] Reached target Slices.
[    5.941932] systemd[1]: Listening on Syslog Socket.
[[0;32m  OK  [0m] Listening on Syslog Socket.
[    5.946102] systemd[1]: Started Trigger resolvconf update for networkd DNS.
[[0;32m  OK  [0m] Started Trigger resolvconf update for networkd DNS.
[    5.949429] systemd[1]: Listening on Journal Socket.
[[0;32m  OK  [0m] Listening on Journal Socket.
[    5.965130] systemd[1]: Mounting Huge Pages File System...
         Mounting Huge Pages File System...
[    5.970139] systemd[1]: Starting Create list of required static device nodes for the current kernel...
         Starting Create list of required st... nodes for the current kernel...
[    5.977084] systemd[1]: Starting Journal Service...
         Starting Journal Service...
[    5.980424] systemd[1]: Starting Uncomplicated firewall...
         Starting Uncomplicated firewall...
[    5.986124] systemd[1]: Mounting POSIX Message Queue File System...
         Mounting POSIX Message Queue File System...
[    5.991786] systemd[1]: Mounting Debug File System...
         Mounting Debug File System...
[    5.995101] systemd[1]: Reached target Swap.
[[0;32m  OK  [0m] Reached target Swap.
[    5.997802] systemd[1]: Reached target System Time Synchronized.
[[0;32m  OK  [0m] Reached target System Time Synchronized.
[    6.001091] systemd[1]: Reached target Encrypted Volumes.
[[0;32m  OK  [0m] Reached target Encrypted Volumes.
[    6.029113] systemd[1]: Starting Set console keymap...
         Starting Set console keymap...
[    6.031819] systemd[1]: Listening on LVM2 metadata daemon socket.
[[0;32m  OK  [0m] Listening on LVM2 metadata daemon socket.
[    6.037023] systemd[1]: Starting Remount Root and Kernel File Systems...
         Starting Remount Root and Kernel File Systems...
[    6.044699] systemd[1]: Starting Nameserver information manager...
         [    6.047211] EXT4-fs (sda1): re-mounted. Opts: (null)
Starting Nameserver information manager...
[    6.050618] systemd[1]: Set up automount Arbitrary Executable File Formats File System Automount Point.
[[0;32m  OK  [0m] Set up automount Arbitrary Executab...ats File System Automount Point.
[    6.059023] systemd[1]: Listening on udev Kernel Socket.
[[0;32m  OK  [0m] Listening on udev Kernel Socket.
[    6.061540] systemd[1]: Listening on Device-mapper event daemon FIFOs.
[[0;32m  OK  [0m] Listening on Device-mapper event daemon FIFOs.
[    6.081351] systemd[1]: Starting Monitoring of LVM2 mirrors, snapshots etc. using dmeventd or progress polling...
         Starting Monitoring of LVM2 mirrors... dmeventd or progress polling...
[    6.090633] systemd[1]: Starting Load Kernel Modules...
         Starting Load Kernel Modules...
[    6.094125] systemd[1]: Started Forward Password Requests to Wall Directory Watch.
[[0;32m  OK  [0m] Started Forward Password Requests to Wall Directory Watch.
[    6.105375] systemd[1]: Mounted POSIX Message Queue File System.
[    6.107334] Loading iSCSI transport class v2.0-870.
[[0;32m  OK  [0m] Mounted POSIX Message Queue File System.
[    6.112300] systemd[1]: Mounted Debug File System.
[[0;32m  OK  [0m] Mounted Debug File System.
[    6.115329] systemd[1]: Mounted Huge Pages File System.
[[0;32m  OK  [0m] Mounted Huge Pages File System.
[    6.118796] systemd[1]: Started Journal Service.
[[0;32m  OK  [0m] Started Journal Service.
[[0;32m  OK  [0m] Started Create list of required sta...ce nodes for the current kernel.
[[0;32m  OK  [0m] Started Uncomplicated firewall.
[[0;32m  OK  [0m] Started Remount Root and Kernel File Systems.
[    6.134317] iscsi: registered transport (tcp)
[[0;32m  OK  [0m] Started Nameserver information manager.
[[0;32m  OK  [0m] Started Set console keymap.
[    6.226464] iscsi: registered transport (iser)
[[0;32m  OK  [0m] Started LVM2 metadata daemon.
         Starting udev Coldplug all Devices...
         Starting Load/Save Random Seed...
         Starting Create Static Device Nodes in /dev...
         Starting Flush Journal to Persistent Storage...
[[0;32m  OK  [0m] Started Load Kernel Modules.
[[0;32m  OK  [0m] Started Load/Save Random Seed.
[[0;32m  OK  [0m] Started Create Static Device Nodes in /dev.
[[0;32m  OK  [0m] Started udev Coldplug all Devices.
[    6.328112] systemd-journald[371]: Received request to flush runtime journal from PID 1
[[0;32m  OK  [0m] Started Flush Journal to Persistent Storage.
         Starting udev Kernel Device Manager...
         Mounting FUSE Control File System...
         Starting Apply Kernel Variables...
[[0;32m  OK  [0m] Mounted FUSE Control File System.
[[0;32m  OK  [0m] Started Apply Kernel Variables.
[[0;32m  OK  [0m] Started udev Kernel Device Manager.
[[0;32m  OK  [0m] Started Dispatch Password Requests to Console Directory Watch.
[[0;32m  OK  [0m] Started Monitoring of LVM2 mirrors,...ng dmeventd or progress polling.
[[0;32m  OK  [0m] Reached target Local File Systems (Pre).
[[0;32m  OK  [0m] Reached target Local File Systems.
         Starting Initial cloud-init job (pre-networking)...
         Starting Create Volatile Files and Directories...
         Starting Set console font and keymap...
         Starting Tell Plymouth To Write Out Runtime Data...
         Starting Commit a transient machine-id on disk...
         Starting LSB: AppArmor initialization...
[[0;32m  OK  [0m] Found device /dev/ttyS0.
[[0;32m  OK  [0m] Started Tell Plymouth To Write Out Runtime Data.
[[0;32m  OK  [0m] Started Create Volatile Files and Directories.
[[0;32m  OK  [0m] Started Commit a transient machine-id on disk.
         Starting Update UTMP about System Boot/Shutdown...
[[0;32m  OK  [0m] Started Update UTMP about System Boot/Shutdown.
[[0;32m  OK  [0m] Listening on Load/Save RF Kill Switch Status /dev/rfkill Watch.
[    8.157772] cloud-init[485]: Cloud-init v. 19.2-36-g059d049c-0ubuntu1~16.04.1 running 'init-local' at Tue, 15 Oct 2019 11:26:16 +0000. Up 7.52 seconds.
[[0;32m  OK  [0m] Started Initial cloud-init job (pre-networking).
[[0;32m  OK  [0m] Reached target Network (Pre).
[[0;32m  OK  [0m] Started LSB: AppArmor initialization.
         Starting Raise network interfaces...
[[0;32m  OK  [0m] Started Set console font and keymap.
[[0;32m  OK  [0m] Created slice system-getty.slice.
[[0;32m  OK  [0m] Started Raise network interfaces.
         Starting Initial cloud-init job (metadata service crawler)...
[[0;32m  OK  [0m] Reached target Network.
[   10.901687] cloud-init[968]: Cloud-init v. 19.2-36-g059d049c-0ubuntu1~16.04.1 running 'init' at Tue, 15 Oct 2019 11:26:19 +0000. Up 9.94 seconds.
[   10.909094] cloud-init[968]: ci-info: ++++++++++++++++++++++++++++++++++++++Net device info++++++++++++++++++++++++++++++++++++++
[   10.911952] cloud-init[968]: ci-info: +--------+-------+---------------------------+---------------+--------+-------------------+
[   10.920863] cloud-init[968]: ci-info: | Device |   Up  |          Address          |      Mask     | Scope  |     Hw-Address    |
[   10.928614] cloud-init[968]: ci-info: +--------+-------+---------------------------+---------------+--------+-------------------+
[   10.930512] cloud-init[968]: ci-info: | enp0s3 |  True |         10.0.2.15         | 255.255.255.0 | global | 02:0e:9b:2d:5b:92 |
[   10.941288] cloud-init[968]: ci-info: | enp0s3 |  True | fe80::e:9bff:fe2d:5b92/64 |       .       |  link  | 02:0e:9b:2d:5b:92 |
[   10.943366] cloud-init[968]: ci-info: | enp0s8 | False |             .             |       .       |   .    | 08:00:27:b6:0c:89 |
[   10.952964] cloud-init[968]: ci-info: |   lo   |  True |         127.0.0.1         |   255.0.0.0   |  host  |         .         |
[   10.954724] cloud-init[968]: ci-info: |   lo   |  True |          ::1/128          |       .       |  host  |         .         |
[   10.956451] cloud-init[968]: ci-info: +--------+-------+---------------------------+---------------+--------+-------------------+
[   10.957835] cloud-init[968]: ci-info: +++++++++++++++++++++++++++Route IPv4 info++++++++++++++++++++++++++++
[   10.964694] cloud-init[968]: ci-info: +-------+-------------+----------+---------------+-----------+-------+
[[0;32m  OK  [0m] Started Initial cloud-init job (metadata service crawler).
[   10.978962] cloud-init[968]: ci-info: | Route | Destination | Gateway  |    Genmask    | Interface | Flags |
[   10.988310] cloud-init[968]: ci-info: +-------+-------------+----------+---------------+-----------+-------+
[   10.990462] cloud-init[968]: ci-info: |   0   |   0.0.0.0   | 10.0.2.2 |    0.0.0.0    |   enp0s3  |   UG  |
[[0;32m  OK  [0m] Reached target Network is Online.
[   10.996572] cloud-init[968]: ci-info: |   1   |   10.0.2.0  | 0.0.0.0  | 255.255.255.0 |   enp0s3  |   U   |
[   10.996623] cloud-init[968]: ci-info: +-------+-------------+----------+---------------+-----------+-------+
[   10.996666] cloud-init[968]: ci-info: +++++++++++++++++++Route IPv6 info+++++++++++++++++++
[   10.996707] cloud-init[968]: ci-info: +-------+-------------+---------+-----------+-------+
[   10.996747] cloud-init[968]: ci-info: | Route | Destination | Gateway | Interface | Flags |
[   10.996786] cloud-init[968]: ci-info: +-------+-------------+---------+-----------+-------+
[   10.996826] cloud-init[968]: ci-info: |   0   |  fe80::/64  |    ::   |   enp0s3  |   U   |
[   10.996881] cloud-init[968]: ci-info: |   3   |   ff00::/8  |    ::   |   enp0s3  |   U   |
[   10.996927] cloud-init[968]: ci-info: +-------+-------------+---------+-----------+-------+
[   10.996966] cloud-init[968]: Generating public/private rsa key pair.
[   10.997005] cloud-init[968]: Your identification has been saved in /etc/ssh/ssh_host_rsa_key.
[   10.997044] cloud-init[968]: Your public key has been saved in /etc/ssh/ssh_host_rsa_key.pub.
[   10.997083] cloud-init[968]: The key fingerprint is:
[   10.997123] cloud-init[968]: SHA256:BCLZhqJIWSjiWNAqbeNBRu302CLZ9xifEQpNti3++vA root@ubuntu-xenial
[   10.997162] cloud-init[968]: The key's randomart image is:
[   10.997201] cloud-init[968]: +---[RSA 2048]----+
[   10.997240] cloud-init[968]: |.+**.o+          |
[   10.997281] cloud-init[968]: |++B.*o.+.        |
[   10.997319] cloud-init[968]: |OB * =o.o.       |
[   10.997360] cloud-init[968]: |*.B =.*o.        |
[   10.997510] cloud-init[968]: |.o + o.=So       |
[   10.997604] cloud-init[968]: |  .   ..+        |
[   10.997669] cloud-init[968]: |      . .        |
[   10.997739] cloud-init[968]: |       +         |
[   10.997954] cloud-init[968]: |      ..E        |
[   10.998159] cloud-init[968]: +----[SHA256]-----+
[   10.998366] cloud-init[968]: Generating public/private dsa key pair.
[   10.998596] cloud-init[968]: Your identification has been saved in /etc/ssh/ssh_host_dsa_key.
[   10.998654] cloud-init[968]: Your public key has been saved in /etc/ssh/ssh_host_dsa_key.pub.
[   10.998819] cloud-init[968]: The key fingerprint is:
[   10.998880] cloud-init[968]: SHA256:8uisoNA+WscUko+5ct70t5tcHeoZBGQglcxH4jrru/Q root@ubuntu-xenial
[   10.998955] cloud-init[968]: The key's randomart image is:
[   10.999023] cloud-init[968]: +---[DSA 1024]----+
[   10.999105] cloud-init[968]: |    .++++        |
[   10.999172] cloud-init[968]: |   . o++.        |
[   10.999241] cloud-init[968]: |  o . ...        |
[   10.999531] cloud-init[968]: |   = o   .       |
[   10.999603] cloud-init[968]: |  o = . S . .    |
[   10.999671] cloud-init[968]: | . + o + . o .   |
[   10.999740] cloud-init[968]: |o * * . . + .    |
[   11.028431]          cloud-initStarting iSCSI initiator daemon (iscsid)...[968]: 
|.B.B = ..+ o     |
[[0;32m  OK  [0m] Reached target Cloud-config availability.
[[0;32m  OK  [0m] Reached target System Initialization.
[[0;32m  OK  [0m] Listening on ACPID Listen Socket.
[   11.029661] cloud-init[[0;32m  OK  [0m] Started ACPI Events Check.
[[0;32m  OK  [0m] Reached target Paths.
[[0;32m  OK  [0m] Listening on D-Bus System Message Bus Socket.
[[0;32m  OK  [0m] Started Daily Cleanup of Temporary Directories.
[968]: |o.o.*+E.=oo      |
[   11.036794] cloud-init[968]: +----[SHA256]-----+
[   11.037117] cloud-init[968]: Generating public/private ecdsa key pair.
[   11.037862] cloud-init[968]: Your identification has been saved in /etc/ssh/ssh_host_ecdsa_key.
[   11.038323] cloud-init[968]: Your public key has been saved in /etc/ssh/ssh_host_ecdsa_key.pub.
[   11.039005] cloud-init[968]: The key fingerprint is:
[   11.039609] cloud-init[968]: SHA256:3OFMsUL5XnAFmOO/BcSv/1wLwJuus/dqDLWYZG64Asc root@ubuntu-xenial
[   11.040464] cloud-init[968]: The key's randomart image is:
[   11.040934] cloud-init[968]: +---[ECDSA 256]---+
[   11.041723] cloud-init[968]: |        ...+.o.  |
[   11.042386] cloud-init[968]: |       .. =o+    |
[   11.043046] cloud-init[968]: |        .o+= .   |
[   11.043733] cloud-init[968]: |       . O+oo .  |
[   11.044241] cloud-init[968]: |    .   S.B=.o   |
[   11.044489] cloud-init[968]: |   . E . *..* .  |
[   11.044844] cloud-init[968]: |    o   o oo =  .|
[   11.044901] cloud-init[968]: |     . . ..+. o.o|
[   11.044975] cloud-init[968]: |      .  o*oo. oo|
         [   11.045051] Starting Socket activation for snappy daemon.cloud-init
[968]: +----[SHA256]-----+
[[0;32m  OK  [0m] Started Daily apt download activities.
[[0;32m  OK  [0m] Started Daily apt upgrade and clean activities.
[[0;32m  OK  [0m] Reached target Timers.
[   11.045131] cloud-init[968]:          Starting LXD - unix socket.
[[0;32m  OK  [0m] Listening on UUID daemon activation socket.
Generating public/private ed25519 key pair.
[   11.053426] cloud-init[968]: [[0;32m  OK  [0m] Listening on Socket activation for snappy daemon.
Your identification has been saved in /etc/ssh/ssh_host_ed25519_key.
[   11.056685] cloud-init[968]: Your public key has been saved in /etc/ssh/ssh_host_ed25519_key.pub.
[   11.059353] cloud-init[968]: The key fingerprint is:[[0;32m  OK  [0m] Listening on LXD - unix socket.
[[0;32m  OK  [0m] Reached target Sockets.
[[0;32m  OK  [0m] Reached target Basic System.
         Starting /etc/rc.local Compatibility...

[   11.064058]          Starting LSB: Record successful boot for GRUB...
         Starting Login Service...
cloud-init[968]: SHA256:IU7bWTQBTgCbe9FvxX9MOv2rkIDyvQhXlROPWyteytw root@ubuntu-xenial
[   11.073765] [[0;32m  OK  [0m] Started D-Bus System Message Bus.
cloud-init[968]: The key's randomart image is:
[   11.077938] cloud-init[968]: +--[ED25519 256]--+
[   11.079565] cloud-init[968]: |    ....o.+o     |
[   11.083647] cloud-init[968]: |     o + . o=    |
[   11.092741] cloud-init[968]: |    o + + .=oo  .|
[   11.094469] cloud-init[968]: |     + =.=..+..= |
[   11.095461] cloud-init[968]: |    ..+.Sooo o+ +|
[   11.096786] cloud-init[968]: |     .o o.= *  o.|
[   11.098590] cloud-init[968]: |     . o . B E  .|
[   11.100065] cloud-init[968]: |      o . . .   .|
[   11.102022] cloud-init[968]: |       . .   ... |
[   11.102898] cloud-init[968]: +----[SHA256]-----+
         Starting Pollinate to seed the pseudo random number generator...
         Starting LSB: MD monitoring daemon...
         Starting System Logging Service...
         Starting LXD - container startup/shutdown...
[[0;32m  OK  [0m] Started ACPI event daemon.
[[0;32m  OK  [0m] Started Regular background program processing daemon.
         Starting Virtualbox guest utils...
         Starting Accounts Service...
         Starting Snappy daemon...
[[0;32m  OK  [0m] Started Deferred execution scheduler.
[[0;32m  OK  [0m] Started FUSE filesystem for LXC.
[[0;32m  OK  [0m] Started /etc/rc.local Compatibility.
[[0;32m  OK  [0m] Started iSCSI initiator daemon (iscsid).
[[0;32m  OK  [0m] Started System Logging Service.
[[0;32m  OK  [0m] Started LSB: Record successful boot for GRUB.
         Starting Login to default iSCSI targets...
[[0;32m  OK  [0m] Started Login Service.
[[0;32m  OK  [0m] Started Unattended Upgrades Shutdown.
[[0;32m  OK  [0m] Started LSB: MD monitoring daemon.
[[0;32m  OK  [0m] Started Login to default iSCSI targets.
[[0;32m  OK  [0m] Reached target Remote File Systems (Pre).
[[0;32m  OK  [0m] Reached target Remote File Systems.
         Starting LSB: automatic crash report generation...
         Starting LSB: Set the CPU Frequency Scaling governor to "ondemand"...
         Starting LSB: daemon to balance interrupts for SMP systems...
         Starting Permit User Sessions...
         Starting Authenticate and Authorize Users to Run Privileged Tasks...
[[0;32m  OK  [0m] Started Permit User Sessions.
[[0;32m  OK  [0m] Started Virtualbox guest utils.
         Starting Hold until boot process finishes up...
         Starting Terminate Plymouth Boot Screen...
[[0;32m  OK  [0m] Started LSB: automatic crash report generation.
[[0;32m  OK  [0m] Started LSB: Set the CPU Frequency Scaling governor to "ondemand".
[[0;32m  OK  [0m] Started Hold until boot process finishes up.
[[0;32m  OK  [0m] Started Terminate Plymouth Boot Screen.
[[0;32m  OK  [0m] Started LSB: daemon to balance interrupts for SMP systems.
[[0;32m  OK  [0m] Started Serial Getty on ttyS0.
[[0;32m  OK  [0m] Started Getty on tty1.
[[0;32m  OK  [0m] Reached target Login Prompts.
         Starting Set console scheme...
[[0;32m  OK  [0m] Started Authenticate and Authorize Users to Run Privileged Tasks.
[[0;32m  OK  [0m] Started Set console scheme.
[[0;32m  OK  [0m] Started Accounts Service.
[[0;32m  OK  [0m] Started LXD - container startup/shutdown.
[[0;32m  OK  [0m] Started Pollinate to seed the pseudo random number generator.
         Starting OpenBSD Secure Shell server...
[[0;32m  OK  [0m] Started Snappy daemon.
         Starting Wait until snapd is fully seeded...
[[0;32m  OK  [0m] Started OpenBSD Secure Shell server.
[[0;32m  OK  [0m] Created slice User Slice of vagrant.
         Starting User Manager for UID 1000...
[[0;32m  OK  [0m] Started Session 1 of user vagrant.
[[0;32m  OK  [0m] Started User Manager for UID 1000.
[[0;32m  OK  [0m] Started Wait until snapd is fully seeded.
         Starting Apply the settings specified in cloud-config...
[[0;32m  OK  [0m] Reached target Multi-User System.
[[0;32m  OK  [0m] Reached target Graphical Interface.
         Starting Update UTMP about System Runlevel Changes...
[[0;32m  OK  [0m] Started Update UTMP about System Runlevel Changes.
[   13.980906] cloud-init[1390]: Generating locales (this might take a while)...
[   15.456127] cloud-init[1390]:   en_US.UTF-8... done
[   15.459379] cloud-init[1390]: Generation complete.
[   16.031640] cloud-init[1390]: Cloud-init v. 19.2-36-g059d049c-0ubuntu1~16.04.1 running 'modules:config' at Tue, 15 Oct 2019 11:26:23 +0000. Up 13.74 seconds.
[[0;32m  OK  [0m] Started Apply the settings specified in cloud-config.
         Starting Execute cloud user/final scripts...
ci-info: no authorized ssh keys fingerprints found for user ubuntu.
<14>Oct 15 11:26:26 ec2: 
<14>Oct 15 11:26:26 ec2: #############################################################
<14>Oct 15 11:26:26 ec2: -----BEGIN SSH HOST KEY FINGERPRINTS-----
<14>Oct 15 11:26:26 ec2: 1024 SHA256:8uisoNA+WscUko+5ct70t5tcHeoZBGQglcxH4jrru/Q root@ubuntu-xenial (DSA)
<14>Oct 15 11:26:26 ec2: 256 SHA256:3OFMsUL5XnAFmOO/BcSv/1wLwJuus/dqDLWYZG64Asc root@ubuntu-xenial (ECDSA)
<14>Oct 15 11:26:26 ec2: 256 SHA256:IU7bWTQBTgCbe9FvxX9MOv2rkIDyvQhXlROPWyteytw root@ubuntu-xenial (ED25519)
<14>Oct 15 11:26:26 ec2: 2048 SHA256:BCLZhqJIWSjiWNAqbeNBRu302CLZ9xifEQpNti3++vA root@ubuntu-xenial (RSA)
<14>Oct 15 11:26:26 ec2: -----END SSH HOST KEY FINGERPRINTS-----
<14>Oct 15 11:26:26 ec2: #############################################################
-----BEGIN SSH HOST KEY KEYS-----
ecdsa-sha2-nistp256 AAAAE2VjZHNhLXNoYTItbmlzdHAyNTYAAAAIbmlzdHAyNTYAAABBBJN7jfAV6WAPwqtBh2PI2e5u6UGeCO9V6ThsIRwN6vIm439+GXoNknNnTVJC4abyJEatpKOgV/5tvCe80Zm5HNA= root@ubuntu-xenial
ssh-ed25519 AAAAC3NzaC1lZDI1NTE5AAAAIEhZ+PtA94/dCZe/EgGTTEE3kg7IClMqL2ZdZF2oJZHb root@ubuntu-xenial
ssh-rsa AAAAB3NzaC1yc2EAAAADAQABAAABAQDcJse0/Pvhsovs9Ww1rSbvHkLuIW+EZp7rIT8WTtS11y2tmuKoUX4DUdJan2A2X1wOfyj+2vtTGOg/Mbu6G8Jgj2cL59Z21pdSq+MjlgD7gUt3rgN497KSHgAcLceXmYIDCQyJ54n8YbcK6H/pOgu6srBAkblTKxHGZYdY9+Le9DQqvnoDKP2QQwn+iBwzfFeDlkYdyOTHkgCkU9dds3DsBLQMm1MUfiYKXRcnQud282TmibfSzh13TVB+AGiiyteirg7Yi8qE/PnN2g2OXK9t3GsRZhf5Xh6aM+C+th+m8dYQXuAH5PBzI3aMonCpIXCkPNTK2JaQvOA0IIz11HrN root@ubuntu-xenial
-----END SSH HOST KEY KEYS-----
[   17.071542] cloud-init[1556]: Cloud-init v. 19.2-36-g059d049c-0ubuntu1~16.04.1 running 'modules:final' at Tue, 15 Oct 2019 11:26:26 +0000. Up 16.81 seconds.
[   17.073192] cloud-init[1556]: ci-info: no authorized ssh keys fingerprints found for user ubuntu.
[   17.073553] cloud-init[1556]: Cloud-init v. 19.2-36-g059d049c-0ubuntu1~16.04.1 finished at Tue, 15 Oct 2019 11:26:26 +0000. Datasource DataSourceNoCloud [seed=/dev/sdb][dsmode=net].  Up 17.05 seconds

Ubuntu 16.04.6 LTS ubuntu-xenial ttyS0

ubuntu-xenial login: 